[debug] [2020-12-17T22:11:57.991Z] ----------------------------------------------------------------------
[debug] [2020-12-17T22:11:57.993Z] Command:       E:\Program Files\nodejs\node.exe C:\Users\Bhagat Singh\AppData\Roaming\npm\node_modules\firebase-tools\lib\bin\firebase.js deploy --only functions:checkoutReq
[debug] [2020-12-17T22:11:57.994Z] CLI Version:   9.0.1
[debug] [2020-12-17T22:11:57.994Z] Platform:      win32
[debug] [2020-12-17T22:11:57.994Z] Node Version:  v12.16.2
[debug] [2020-12-17T22:11:57.995Z] Time:          Fri Dec 18 2020 03:41:57 GMT+0530 (India Standard Time)
[debug] [2020-12-17T22:11:57.995Z] ----------------------------------------------------------------------
[debug] [2020-12-17T22:11:57.995Z] 
[debug] [2020-12-17T22:11:58.003Z] > command requires scopes: ["email","openid","https://www.googleapis.com/auth/cloudplatformprojects.readonly","https://www.googleapis.com/auth/firebase","https://www.googleapis.com/auth/cloud-platform"]
[debug] [2020-12-17T22:11:58.004Z] > authorizing via signed-in user
[debug] [2020-12-17T22:11:58.004Z] [iam] checking project lake-of-cakes for permissions ["cloudfunctions.functions.create","cloudfunctions.functions.delete","cloudfunctions.functions.get","cloudfunctions.functions.list","cloudfunctions.functions.update","cloudfunctions.operations.get","firebase.projects.get"]
[debug] [2020-12-17T22:11:58.007Z] >>> HTTP REQUEST POST https://cloudresourcemanager.googleapis.com/v1/projects/lake-of-cakes:testIamPermissions  
 {"permissions":["cloudfunctions.functions.create","cloudfunctions.functions.delete","cloudfunctions.functions.get","cloudfunctions.functions.list","cloudfunctions.functions.update","cloudfunctions.operations.get","firebase.projects.get"]}
[debug] [2020-12-17T22:11:59.444Z] <<< HTTP RESPONSE 200 {"content-type":"application/json; charset=UTF-8","vary":"X-Origin, Referer, Origin,Accept-Encoding","date":"Thu, 17 Dec 2020 22:11:58 GMT","server":"ESF","cache-control":"private","x-xss-protection":"0","x-frame-options":"SAMEORIGIN","x-content-type-options":"nosniff","server-timing":"gfet4t7; dur=1261","alt-svc":"h3-29=\":443\"; ma=2592000,h3-T051=\":443\"; ma=2592000,h3-Q050=\":443\"; ma=2592000,h3-Q046=\":443\"; ma=2592000,h3-Q043=\":443\"; ma=2592000,quic=\":443\"; ma=2592000; v=\"46,43\"","accept-ranges":"none","transfer-encoding":"chunked"}
[debug] [2020-12-17T22:11:59.448Z] >>> HTTP REQUEST POST https://iam.googleapis.com/v1/projects/lake-of-cakes/serviceAccounts/lake-of-cakes@appspot.gserviceaccount.com:testIamPermissions  
 {"permissions":["iam.serviceAccounts.actAs"]}
[debug] [2020-12-17T22:12:00.980Z] <<< HTTP RESPONSE 200 {"content-type":"application/json; charset=UTF-8","vary":"X-Origin, Referer, Origin,Accept-Encoding","date":"Thu, 17 Dec 2020 22:12:00 GMT","server":"ESF","cache-control":"private","x-xss-protection":"0","x-frame-options":"SAMEORIGIN","x-content-type-options":"nosniff","alt-svc":"h3-29=\":443\"; ma=2592000,h3-T051=\":443\"; ma=2592000,h3-Q050=\":443\"; ma=2592000,h3-Q046=\":443\"; ma=2592000,h3-Q043=\":443\"; ma=2592000,quic=\":443\"; ma=2592000; v=\"46,43\"","accept-ranges":"none","transfer-encoding":"chunked"}
[info] 
[info] === Deploying to 'lake-of-cakes'...
[info] 
[info] i  deploying functions 
[debug] [2020-12-17T22:12:04.109Z] > [functions] package.json contents: {
  "name": "functions",
  "description": "Cloud Functions for Firebase",
  "scripts": {
    "serve": "firebase emulators:start --only functions",
    "shell": "firebase functions:shell",
    "start": "npm run shell",
    "deploy": "firebase deploy --only functions",
    "logs": "firebase functions:log"
  },
  "engines": {
    "node": "12"
  },
  "main": "index.js",
  "dependencies": {
    "bootstrap": "^4.5.3",
    "create-hmac": "^1.1.7",
    "firebase": "^8.1.1",
    "firebase-admin": "^9.2.0",
    "firebase-functions": "^3.13.0",
    "nodemailer": "^6.4.16",
    "nodemailer-smtp-transport": "^2.7.4",
    "razorpay": "^2.0.6"
  },
  "devDependencies": {
    "firebase-functions-test": "^0.2.0"
  },
  "private": true
}
[info] i  functions: ensuring required API cloudfunctions.googleapis.com is enabled... 
[info] i  functions: ensuring required API cloudbuild.googleapis.com is enabled... 
[debug] [2020-12-17T22:12:05.693Z] >>> HTTP REQUEST GET https://serviceusage.googleapis.com/v1/projects/lake-of-cakes/services/cloudfunctions.googleapis.com  
 
[debug] [2020-12-17T22:12:05.693Z] >>> HTTP REQUEST GET https://serviceusage.googleapis.com/v1/projects/lake-of-cakes/services/runtimeconfig.googleapis.com  
 
[debug] [2020-12-17T22:12:05.693Z] >>> HTTP REQUEST GET https://serviceusage.googleapis.com/v1/projects/lake-of-cakes/services/cloudbuild.googleapis.com  
 
[debug] [2020-12-17T22:12:07.286Z] <<< HTTP RESPONSE 200 {"content-type":"application/json; charset=UTF-8","vary":"X-Origin, Referer, Origin,Accept-Encoding","date":"Thu, 17 Dec 2020 22:12:06 GMT","server":"ESF","cache-control":"private","x-xss-protection":"0","x-frame-options":"SAMEORIGIN","x-content-type-options":"nosniff","alt-svc":"h3-29=\":443\"; ma=2592000,h3-T051=\":443\"; ma=2592000,h3-Q050=\":443\"; ma=2592000,h3-Q046=\":443\"; ma=2592000,h3-Q043=\":443\"; ma=2592000,quic=\":443\"; ma=2592000; v=\"46,43\"","accept-ranges":"none","transfer-encoding":"chunked"}
[debug] [2020-12-17T22:12:07.292Z] <<< HTTP RESPONSE 200 {"content-type":"application/json; charset=UTF-8","vary":"X-Origin, Referer, Origin,Accept-Encoding","date":"Thu, 17 Dec 2020 22:12:06 GMT","server":"ESF","cache-control":"private","x-xss-protection":"0","x-frame-options":"SAMEORIGIN","x-content-type-options":"nosniff","alt-svc":"h3-29=\":443\"; ma=2592000,h3-T051=\":443\"; ma=2592000,h3-Q050=\":443\"; ma=2592000,h3-Q046=\":443\"; ma=2592000,h3-Q043=\":443\"; ma=2592000,quic=\":443\"; ma=2592000; v=\"46,43\"","accept-ranges":"none","transfer-encoding":"chunked"}
[info] +  functions: required API cloudfunctions.googleapis.com is enabled 
[debug] [2020-12-17T22:12:07.296Z] <<< HTTP RESPONSE 200 {"content-type":"application/json; charset=UTF-8","vary":"X-Origin, Referer, Origin,Accept-Encoding","date":"Thu, 17 Dec 2020 22:12:06 GMT","server":"ESF","cache-control":"private","x-xss-protection":"0","x-frame-options":"SAMEORIGIN","x-content-type-options":"nosniff","alt-svc":"h3-29=\":443\"; ma=2592000,h3-T051=\":443\"; ma=2592000,h3-Q050=\":443\"; ma=2592000,h3-Q046=\":443\"; ma=2592000,h3-Q043=\":443\"; ma=2592000,quic=\":443\"; ma=2592000; v=\"46,43\"","accept-ranges":"none","transfer-encoding":"chunked"}
[info] +  functions: required API cloudbuild.googleapis.com is enabled 
[debug] [2020-12-17T22:12:07.305Z] >>> HTTP REQUEST GET https://firebase.googleapis.com/v1beta1/projects/lake-of-cakes/adminSdkConfig  
 
[debug] [2020-12-17T22:12:07.867Z] <<< HTTP RESPONSE 200 {"content-type":"application/json; charset=UTF-8","vary":"X-Origin, Referer, Origin,Accept-Encoding","date":"Thu, 17 Dec 2020 22:12:07 GMT","server":"ESF","cache-control":"private","x-xss-protection":"0","x-frame-options":"SAMEORIGIN","x-content-type-options":"nosniff","alt-svc":"h3-29=\":443\"; ma=2592000,h3-T051=\":443\"; ma=2592000,h3-Q050=\":443\"; ma=2592000,h3-Q046=\":443\"; ma=2592000,h3-Q043=\":443\"; ma=2592000,quic=\":443\"; ma=2592000; v=\"46,43\"","accept-ranges":"none","transfer-encoding":"chunked"}
[info] i  functions: preparing functions directory for uploading... 
[debug] [2020-12-17T22:12:07.869Z] >>> HTTP REQUEST GET https://runtimeconfig.googleapis.com/v1beta1/projects/lake-of-cakes/configs  
 
[debug] [2020-12-17T22:12:08.271Z] <<< HTTP RESPONSE 200 {"content-type":"application/json; charset=UTF-8","vary":"X-Origin, Referer, Origin,Accept-Encoding","date":"Thu, 17 Dec 2020 22:12:07 GMT","server":"ESF","cache-control":"private","x-xss-protection":"0","x-frame-options":"SAMEORIGIN","x-content-type-options":"nosniff","alt-svc":"h3-29=\":443\"; ma=2592000,h3-T051=\":443\"; ma=2592000,h3-Q050=\":443\"; ma=2592000,h3-Q046=\":443\"; ma=2592000,h3-Q043=\":443\"; ma=2592000,quic=\":443\"; ma=2592000; v=\"46,43\"","accept-ranges":"none","transfer-encoding":"chunked"}
[info] i  functions: packaged functions (44.03 KB) for uploading 
[debug] [2020-12-17T22:12:08.746Z] >>> HTTP REQUEST GET https://cloudfunctions.googleapis.com/v1/projects/lake-of-cakes/locations/-/functions  
 
[debug] [2020-12-17T22:12:09.372Z] <<< HTTP RESPONSE 200 {"content-type":"application/json; charset=UTF-8","vary":"X-Origin, Referer, Origin,Accept-Encoding","date":"Thu, 17 Dec 2020 22:12:08 GMT","server":"ESF","cache-control":"private","x-xss-protection":"0","x-frame-options":"SAMEORIGIN","x-content-type-options":"nosniff","alt-svc":"h3-29=\":443\"; ma=2592000,h3-T051=\":443\"; ma=2592000,h3-Q050=\":443\"; ma=2592000,h3-Q046=\":443\"; ma=2592000,h3-Q043=\":443\"; ma=2592000,quic=\":443\"; ma=2592000; v=\"46,43\"","accept-ranges":"none","transfer-encoding":"chunked"}
[debug] [2020-12-17T22:12:09.375Z] >>> HTTP REQUEST POST https://cloudfunctions.googleapis.com/v1/projects/lake-of-cakes/locations/us-central1/functions:generateUploadUrl  
 
[debug] [2020-12-17T22:12:10.121Z] <<< HTTP RESPONSE 200 {"content-type":"application/json; charset=UTF-8","vary":"X-Origin, Referer, Origin,Accept-Encoding","date":"Thu, 17 Dec 2020 22:12:09 GMT","server":"ESF","cache-control":"private","x-xss-protection":"0","x-frame-options":"SAMEORIGIN","x-content-type-options":"nosniff","alt-svc":"h3-29=\":443\"; ma=2592000,h3-T051=\":443\"; ma=2592000,h3-Q050=\":443\"; ma=2592000,h3-Q046=\":443\"; ma=2592000,h3-Q043=\":443\"; ma=2592000,quic=\":443\"; ma=2592000; v=\"46,43\"","accept-ranges":"none","transfer-encoding":"chunked"}
[debug] [2020-12-17T22:12:10.121Z] >>> HTTP REQUEST PUT https://storage.googleapis.com/gcf-upload-us-central1-5b8bf20f-1c45-4d85-ace9-0272253bfedf/6175a255-2b98-4691-b373-1b72c32c3d39.zip?GoogleAccessId=service-779843608951@gcf-admin-robot.iam.gserviceaccount.com&Expires=1608244929&Signature=bPR2MVFNoUU3UG0%2FWZgKGrRjHL39E5P3GZnrKrArU2Hkqpcm8vBbzHoOMZ%2BAWClvGvWeSQQz4jKm%2FCA9bLk4ojbASfVbwB3k0HxkAS6eXI5tCGySTUniUNzCjcfTu%2Fx50w%2Bt7PffKgZODFMiG6KNHFp2%2Fm1h3G28YIQoSoBXrKRZAZTU4Ex3npNeLzigKPIbCaxmzA24CLlgRJFrki3GIxtk4624fqiDRhvpfD2%2Bl4UMH6fUeWMxXPbIDYAYwr3pqMa%2BA3KFSO9KxoFExH19v4HhDX9ZyPWqmmwBXSogCIHM71Jx0Y7Oz7G0U2Ez7DYQkURUZF6bUCd5DaEaIF%2BKXg%3D%3D  
 <request body omitted>
[debug] [2020-12-17T22:12:10.569Z] <<< HTTP RESPONSE 200 {"x-guploader-uploadid":"ABg5-UxCMps3xejO38MkSICCeTKiMhCKohpphu93GdRLvGkgrFIhI97ogJtts0rFyfR6T9EDirJDtzLVvumwoHF2a1LfPuQVJQ","etag":"\"294795a9d164f9f3ee47662ebf2a83da\"","x-goog-generation":"1608243129820441","x-goog-metageneration":"1","x-goog-hash":"crc32c=HeerJg==, md5=KUeVqdFk+fPuR2YuvyqD2g==","x-goog-stored-content-length":"45084","x-goog-stored-content-encoding":"identity","vary":"Origin","content-length":"0","date":"Thu, 17 Dec 2020 22:12:09 GMT","server":"UploadServer","content-type":"text/html; charset=UTF-8","alt-svc":"h3-29=\":443\"; ma=2592000,h3-T051=\":443\"; ma=2592000,h3-Q050=\":443\"; ma=2592000,h3-Q046=\":443\"; ma=2592000,h3-Q043=\":443\"; ma=2592000,quic=\":443\"; ma=2592000; v=\"46,43\""}
[info] +  functions: functions folder uploaded successfully 
[debug] [2020-12-17T22:12:10.573Z] > [functions] filtering triggers to: [
  "projects/lake-of-cakes/locations/us-central1/functions/checkoutReq"
]
[info] i  functions: current functions in project: checkoutReq(us-central1), createUser(us-central1), payemnetStatus(us-central1), sendEmailAfterConfirmation(us-central1), sendEmailAfterReject(us-central1) 
[info] i  functions: uploading functions in project: checkoutReq(us-central1) 
[info] i  functions: updating Node.js 12 function checkoutReq(us-central1)... 
[debug] [2020-12-17T22:12:10.587Z] Trigger is:  {"httpsTrigger":{}}
[debug] [2020-12-17T22:12:10.589Z] >>> HTTP REQUEST PATCH https://cloudfunctions.googleapis.com/v1/projects/lake-of-cakes/locations/us-central1/functions/checkoutReq {"updateMask":"sourceUploadUrl,name,labels,runtime,environmentVariables,httpsTrigger"} 
 {"sourceUploadUrl":"https://storage.googleapis.com/gcf-upload-us-central1-5b8bf20f-1c45-4d85-ace9-0272253bfedf/6175a255-2b98-4691-b373-1b72c32c3d39.zip?GoogleAccessId=service-779843608951@gcf-admin-robot.iam.gserviceaccount.com&Expires=1608244929&Signature=bPR2MVFNoUU3UG0%2FWZgKGrRjHL39E5P3GZnrKrArU2Hkqpcm8vBbzHoOMZ%2BAWClvGvWeSQQz4jKm%2FCA9bLk4ojbASfVbwB3k0HxkAS6eXI5tCGySTUniUNzCjcfTu%2Fx50w%2Bt7PffKgZODFMiG6KNHFp2%2Fm1h3G28YIQoSoBXrKRZAZTU4Ex3npNeLzigKPIbCaxmzA24CLlgRJFrki3GIxtk4624fqiDRhvpfD2%2Bl4UMH6fUeWMxXPbIDYAYwr3pqMa%2BA3KFSO9KxoFExH19v4HhDX9ZyPWqmmwBXSogCIHM71Jx0Y7Oz7G0U2Ez7DYQkURUZF6bUCd5DaEaIF%2BKXg%3D%3D","name":"projects/lake-of-cakes/locations/us-central1/functions/checkoutReq","labels":{"deployment-tool":"cli-firebase","deployment-callable":"true"},"httpsTrigger":{},"runtime":"nodejs12","environmentVariables":{"FIREBASE_CONFIG":"{\"projectId\":\"lake-of-cakes\",\"databaseURL\":\"https://lake-of-cakes.firebaseio.com\",\"storageBucket\":\"lake-of-cakes.appspot.com\",\"locationId\":\"us-central\"}"}}
[debug] [2020-12-17T22:12:11.164Z] <<< HTTP RESPONSE 200 {"content-type":"application/json; charset=UTF-8","vary":"X-Origin, Referer, Origin,Accept-Encoding","date":"Thu, 17 Dec 2020 22:12:10 GMT","server":"ESF","cache-control":"private","x-xss-protection":"0","x-frame-options":"SAMEORIGIN","x-content-type-options":"nosniff","alt-svc":"h3-29=\":443\"; ma=2592000,h3-T051=\":443\"; ma=2592000,h3-Q050=\":443\"; ma=2592000,h3-Q046=\":443\"; ma=2592000,h3-Q043=\":443\"; ma=2592000,quic=\":443\"; ma=2592000; v=\"46,43\"","accept-ranges":"none","transfer-encoding":"chunked"}
[debug] [2020-12-17T22:12:11.166Z] >>> HTTP REQUEST GET https://cloudfunctions.googleapis.com/v1/projects/lake-of-cakes/locations/-/functions  
 
[debug] [2020-12-17T22:12:11.739Z] <<< HTTP RESPONSE 200 {"content-type":"application/json; charset=UTF-8","vary":"X-Origin, Referer, Origin,Accept-Encoding","date":"Thu, 17 Dec 2020 22:12:11 GMT","server":"ESF","cache-control":"private","x-xss-protection":"0","x-frame-options":"SAMEORIGIN","x-content-type-options":"nosniff","alt-svc":"h3-29=\":443\"; ma=2592000,h3-T051=\":443\"; ma=2592000,h3-Q050=\":443\"; ma=2592000,h3-Q046=\":443\"; ma=2592000,h3-Q043=\":443\"; ma=2592000,quic=\":443\"; ma=2592000; v=\"46,43\"","accept-ranges":"none","transfer-encoding":"chunked"}
[debug] [2020-12-17T22:12:11.740Z] >>> HTTP REQUEST GET https://cloudfunctions.googleapis.com/v1/operations/bGFrZS1vZi1jYWtlcy91cy1jZW50cmFsMS9jaGVja291dFJlcS9GUU1fU1UzVFJkMA  
 
[debug] [2020-12-17T22:12:12.164Z] <<< HTTP RESPONSE 200 {"content-type":"application/json; charset=UTF-8","vary":"X-Origin, Referer, Origin,Accept-Encoding","date":"Thu, 17 Dec 2020 22:12:11 GMT","server":"ESF","cache-control":"private","x-xss-protection":"0","x-frame-options":"SAMEORIGIN","x-content-type-options":"nosniff","alt-svc":"h3-29=\":443\"; ma=2592000,h3-T051=\":443\"; ma=2592000,h3-Q050=\":443\"; ma=2592000,h3-Q046=\":443\"; ma=2592000,h3-Q043=\":443\"; ma=2592000,quic=\":443\"; ma=2592000; v=\"46,43\"","accept-ranges":"none","transfer-encoding":"chunked"}
[debug] [2020-12-17T22:12:14.171Z] >>> HTTP REQUEST GET https://cloudfunctions.googleapis.com/v1/operations/bGFrZS1vZi1jYWtlcy91cy1jZW50cmFsMS9jaGVja291dFJlcS9GUU1fU1UzVFJkMA  
 
[debug] [2020-12-17T22:12:14.584Z] <<< HTTP RESPONSE 200 {"content-type":"application/json; charset=UTF-8","vary":"X-Origin, Referer, Origin,Accept-Encoding","date":"Thu, 17 Dec 2020 22:12:13 GMT","server":"ESF","cache-control":"private","x-xss-protection":"0","x-frame-options":"SAMEORIGIN","x-content-type-options":"nosniff","alt-svc":"h3-29=\":443\"; ma=2592000,h3-T051=\":443\"; ma=2592000,h3-Q050=\":443\"; ma=2592000,h3-Q046=\":443\"; ma=2592000,h3-Q043=\":443\"; ma=2592000,quic=\":443\"; ma=2592000; v=\"46,43\"","accept-ranges":"none","transfer-encoding":"chunked"}
[debug] [2020-12-17T22:12:16.594Z] >>> HTTP REQUEST GET https://cloudfunctions.googleapis.com/v1/operations/bGFrZS1vZi1jYWtlcy91cy1jZW50cmFsMS9jaGVja291dFJlcS9GUU1fU1UzVFJkMA  
 
[debug] [2020-12-17T22:12:16.998Z] <<< HTTP RESPONSE 200 {"content-type":"application/json; charset=UTF-8","vary":"X-Origin, Referer, Origin,Accept-Encoding","date":"Thu, 17 Dec 2020 22:12:16 GMT","server":"ESF","cache-control":"private","x-xss-protection":"0","x-frame-options":"SAMEORIGIN","x-content-type-options":"nosniff","alt-svc":"h3-29=\":443\"; ma=2592000,h3-T051=\":443\"; ma=2592000,h3-Q050=\":443\"; ma=2592000,h3-Q046=\":443\"; ma=2592000,h3-Q043=\":443\"; ma=2592000,quic=\":443\"; ma=2592000; v=\"46,43\"","accept-ranges":"none","transfer-encoding":"chunked"}
[debug] [2020-12-17T22:12:19.010Z] >>> HTTP REQUEST GET https://cloudfunctions.googleapis.com/v1/operations/bGFrZS1vZi1jYWtlcy91cy1jZW50cmFsMS9jaGVja291dFJlcS9GUU1fU1UzVFJkMA  
 
[debug] [2020-12-17T22:12:19.414Z] <<< HTTP RESPONSE 200 {"content-type":"application/json; charset=UTF-8","vary":"X-Origin, Referer, Origin,Accept-Encoding","date":"Thu, 17 Dec 2020 22:12:18 GMT","server":"ESF","cache-control":"private","x-xss-protection":"0","x-frame-options":"SAMEORIGIN","x-content-type-options":"nosniff","alt-svc":"h3-29=\":443\"; ma=2592000,h3-T051=\":443\"; ma=2592000,h3-Q050=\":443\"; ma=2592000,h3-Q046=\":443\"; ma=2592000,h3-Q043=\":443\"; ma=2592000,quic=\":443\"; ma=2592000; v=\"46,43\"","accept-ranges":"none","transfer-encoding":"chunked"}
[debug] [2020-12-17T22:12:21.415Z] >>> HTTP REQUEST GET https://cloudfunctions.googleapis.com/v1/operations/bGFrZS1vZi1jYWtlcy91cy1jZW50cmFsMS9jaGVja291dFJlcS9GUU1fU1UzVFJkMA  
 
[debug] [2020-12-17T22:12:21.805Z] <<< HTTP RESPONSE 200 {"content-type":"application/json; charset=UTF-8","vary":"X-Origin, Referer, Origin,Accept-Encoding","date":"Thu, 17 Dec 2020 22:12:21 GMT","server":"ESF","cache-control":"private","x-xss-protection":"0","x-frame-options":"SAMEORIGIN","x-content-type-options":"nosniff","alt-svc":"h3-29=\":443\"; ma=2592000,h3-T051=\":443\"; ma=2592000,h3-Q050=\":443\"; ma=2592000,h3-Q046=\":443\"; ma=2592000,h3-Q043=\":443\"; ma=2592000,quic=\":443\"; ma=2592000; v=\"46,43\"","accept-ranges":"none","transfer-encoding":"chunked"}
[debug] [2020-12-17T22:12:23.809Z] >>> HTTP REQUEST GET https://cloudfunctions.googleapis.com/v1/operations/bGFrZS1vZi1jYWtlcy91cy1jZW50cmFsMS9jaGVja291dFJlcS9GUU1fU1UzVFJkMA  
 
[debug] [2020-12-17T22:12:24.203Z] <<< HTTP RESPONSE 200 {"content-type":"application/json; charset=UTF-8","vary":"X-Origin, Referer, Origin,Accept-Encoding","date":"Thu, 17 Dec 2020 22:12:23 GMT","server":"ESF","cache-control":"private","x-xss-protection":"0","x-frame-options":"SAMEORIGIN","x-content-type-options":"nosniff","alt-svc":"h3-29=\":443\"; ma=2592000,h3-T051=\":443\"; ma=2592000,h3-Q050=\":443\"; ma=2592000,h3-Q046=\":443\"; ma=2592000,h3-Q043=\":443\"; ma=2592000,quic=\":443\"; ma=2592000; v=\"46,43\"","accept-ranges":"none","transfer-encoding":"chunked"}
[debug] [2020-12-17T22:12:26.206Z] >>> HTTP REQUEST GET https://cloudfunctions.googleapis.com/v1/operations/bGFrZS1vZi1jYWtlcy91cy1jZW50cmFsMS9jaGVja291dFJlcS9GUU1fU1UzVFJkMA  
 
[debug] [2020-12-17T22:12:26.614Z] <<< HTTP RESPONSE 200 {"content-type":"application/json; charset=UTF-8","vary":"X-Origin, Referer, Origin,Accept-Encoding","date":"Thu, 17 Dec 2020 22:12:25 GMT","server":"ESF","cache-control":"private","x-xss-protection":"0","x-frame-options":"SAMEORIGIN","x-content-type-options":"nosniff","alt-svc":"h3-29=\":443\"; ma=2592000,h3-T051=\":443\"; ma=2592000,h3-Q050=\":443\"; ma=2592000,h3-Q046=\":443\"; ma=2592000,h3-Q043=\":443\"; ma=2592000,quic=\":443\"; ma=2592000; v=\"46,43\"","accept-ranges":"none","transfer-encoding":"chunked"}
[debug] [2020-12-17T22:12:28.617Z] >>> HTTP REQUEST GET https://cloudfunctions.googleapis.com/v1/operations/bGFrZS1vZi1jYWtlcy91cy1jZW50cmFsMS9jaGVja291dFJlcS9GUU1fU1UzVFJkMA  
 
[debug] [2020-12-17T22:12:29.024Z] <<< HTTP RESPONSE 200 {"content-type":"application/json; charset=UTF-8","vary":"X-Origin, Referer, Origin,Accept-Encoding","date":"Thu, 17 Dec 2020 22:12:28 GMT","server":"ESF","cache-control":"private","x-xss-protection":"0","x-frame-options":"SAMEORIGIN","x-content-type-options":"nosniff","alt-svc":"h3-29=\":443\"; ma=2592000,h3-T051=\":443\"; ma=2592000,h3-Q050=\":443\"; ma=2592000,h3-Q046=\":443\"; ma=2592000,h3-Q043=\":443\"; ma=2592000,quic=\":443\"; ma=2592000; v=\"46,43\"","accept-ranges":"none","transfer-encoding":"chunked"}
[debug] [2020-12-17T22:12:31.035Z] >>> HTTP REQUEST GET https://cloudfunctions.googleapis.com/v1/operations/bGFrZS1vZi1jYWtlcy91cy1jZW50cmFsMS9jaGVja291dFJlcS9GUU1fU1UzVFJkMA  
 
[debug] [2020-12-17T22:12:31.515Z] <<< HTTP RESPONSE 200 {"content-type":"application/json; charset=UTF-8","vary":"X-Origin, Referer, Origin,Accept-Encoding","date":"Thu, 17 Dec 2020 22:12:30 GMT","server":"ESF","cache-control":"private","x-xss-protection":"0","x-frame-options":"SAMEORIGIN","x-content-type-options":"nosniff","alt-svc":"h3-29=\":443\"; ma=2592000,h3-T051=\":443\"; ma=2592000,h3-Q050=\":443\"; ma=2592000,h3-Q046=\":443\"; ma=2592000,h3-Q043=\":443\"; ma=2592000,quic=\":443\"; ma=2592000; v=\"46,43\"","accept-ranges":"none","transfer-encoding":"chunked"}
[debug] [2020-12-17T22:12:33.520Z] >>> HTTP REQUEST GET https://cloudfunctions.googleapis.com/v1/operations/bGFrZS1vZi1jYWtlcy91cy1jZW50cmFsMS9jaGVja291dFJlcS9GUU1fU1UzVFJkMA  
 
[debug] [2020-12-17T22:12:34.012Z] <<< HTTP RESPONSE 200 {"content-type":"application/json; charset=UTF-8","vary":"X-Origin, Referer, Origin,Accept-Encoding","date":"Thu, 17 Dec 2020 22:12:33 GMT","server":"ESF","cache-control":"private","x-xss-protection":"0","x-frame-options":"SAMEORIGIN","x-content-type-options":"nosniff","alt-svc":"h3-29=\":443\"; ma=2592000,h3-T051=\":443\"; ma=2592000,h3-Q050=\":443\"; ma=2592000,h3-Q046=\":443\"; ma=2592000,h3-Q043=\":443\"; ma=2592000,quic=\":443\"; ma=2592000; v=\"46,43\"","accept-ranges":"none","transfer-encoding":"chunked"}
[debug] [2020-12-17T22:12:36.024Z] >>> HTTP REQUEST GET https://cloudfunctions.googleapis.com/v1/operations/bGFrZS1vZi1jYWtlcy91cy1jZW50cmFsMS9jaGVja291dFJlcS9GUU1fU1UzVFJkMA  
 
[debug] [2020-12-17T22:12:36.475Z] <<< HTTP RESPONSE 200 {"content-type":"application/json; charset=UTF-8","vary":"X-Origin, Referer, Origin,Accept-Encoding","date":"Thu, 17 Dec 2020 22:12:35 GMT","server":"ESF","cache-control":"private","x-xss-protection":"0","x-frame-options":"SAMEORIGIN","x-content-type-options":"nosniff","alt-svc":"h3-29=\":443\"; ma=2592000,h3-T051=\":443\"; ma=2592000,h3-Q050=\":443\"; ma=2592000,h3-Q046=\":443\"; ma=2592000,h3-Q043=\":443\"; ma=2592000,quic=\":443\"; ma=2592000; v=\"46,43\"","accept-ranges":"none","transfer-encoding":"chunked"}
[debug] [2020-12-17T22:12:38.486Z] >>> HTTP REQUEST GET https://cloudfunctions.googleapis.com/v1/operations/bGFrZS1vZi1jYWtlcy91cy1jZW50cmFsMS9jaGVja291dFJlcS9GUU1fU1UzVFJkMA  
 
[debug] [2020-12-17T22:12:38.881Z] <<< HTTP RESPONSE 200 {"content-type":"application/json; charset=UTF-8","vary":"X-Origin, Referer, Origin,Accept-Encoding","date":"Thu, 17 Dec 2020 22:12:38 GMT","server":"ESF","cache-control":"private","x-xss-protection":"0","x-frame-options":"SAMEORIGIN","x-content-type-options":"nosniff","alt-svc":"h3-29=\":443\"; ma=2592000,h3-T051=\":443\"; ma=2592000,h3-Q050=\":443\"; ma=2592000,h3-Q046=\":443\"; ma=2592000,h3-Q043=\":443\"; ma=2592000,quic=\":443\"; ma=2592000; v=\"46,43\"","accept-ranges":"none","transfer-encoding":"chunked"}
[debug] [2020-12-17T22:12:40.884Z] >>> HTTP REQUEST GET https://cloudfunctions.googleapis.com/v1/operations/bGFrZS1vZi1jYWtlcy91cy1jZW50cmFsMS9jaGVja291dFJlcS9GUU1fU1UzVFJkMA  
 
[debug] [2020-12-17T22:12:41.273Z] <<< HTTP RESPONSE 200 {"content-type":"application/json; charset=UTF-8","vary":"X-Origin, Referer, Origin,Accept-Encoding","date":"Thu, 17 Dec 2020 22:12:40 GMT","server":"ESF","cache-control":"private","x-xss-protection":"0","x-frame-options":"SAMEORIGIN","x-content-type-options":"nosniff","alt-svc":"h3-29=\":443\"; ma=2592000,h3-T051=\":443\"; ma=2592000,h3-Q050=\":443\"; ma=2592000,h3-Q046=\":443\"; ma=2592000,h3-Q043=\":443\"; ma=2592000,quic=\":443\"; ma=2592000; v=\"46,43\"","accept-ranges":"none","transfer-encoding":"chunked"}
[debug] [2020-12-17T22:12:43.283Z] >>> HTTP REQUEST GET https://cloudfunctions.googleapis.com/v1/operations/bGFrZS1vZi1jYWtlcy91cy1jZW50cmFsMS9jaGVja291dFJlcS9GUU1fU1UzVFJkMA  
 
[debug] [2020-12-17T22:12:43.683Z] <<< HTTP RESPONSE 200 {"content-type":"application/json; charset=UTF-8","vary":"X-Origin, Referer, Origin,Accept-Encoding","date":"Thu, 17 Dec 2020 22:12:43 GMT","server":"ESF","cache-control":"private","x-xss-protection":"0","x-frame-options":"SAMEORIGIN","x-content-type-options":"nosniff","alt-svc":"h3-29=\":443\"; ma=2592000,h3-T051=\":443\"; ma=2592000,h3-Q050=\":443\"; ma=2592000,h3-Q046=\":443\"; ma=2592000,h3-Q043=\":443\"; ma=2592000,quic=\":443\"; ma=2592000; v=\"46,43\"","accept-ranges":"none","transfer-encoding":"chunked"}
[debug] [2020-12-17T22:12:45.693Z] >>> HTTP REQUEST GET https://cloudfunctions.googleapis.com/v1/operations/bGFrZS1vZi1jYWtlcy91cy1jZW50cmFsMS9jaGVja291dFJlcS9GUU1fU1UzVFJkMA  
 
[debug] [2020-12-17T22:12:46.068Z] <<< HTTP RESPONSE 200 {"content-type":"application/json; charset=UTF-8","vary":"X-Origin, Referer, Origin,Accept-Encoding","date":"Thu, 17 Dec 2020 22:12:45 GMT","server":"ESF","cache-control":"private","x-xss-protection":"0","x-frame-options":"SAMEORIGIN","x-content-type-options":"nosniff","alt-svc":"h3-29=\":443\"; ma=2592000,h3-T051=\":443\"; ma=2592000,h3-Q050=\":443\"; ma=2592000,h3-Q046=\":443\"; ma=2592000,h3-Q043=\":443\"; ma=2592000,quic=\":443\"; ma=2592000; v=\"46,43\"","accept-ranges":"none","transfer-encoding":"chunked"}
[debug] [2020-12-17T22:12:48.071Z] >>> HTTP REQUEST GET https://cloudfunctions.googleapis.com/v1/operations/bGFrZS1vZi1jYWtlcy91cy1jZW50cmFsMS9jaGVja291dFJlcS9GUU1fU1UzVFJkMA  
 
[debug] [2020-12-17T22:12:48.456Z] <<< HTTP RESPONSE 200 {"content-type":"application/json; charset=UTF-8","vary":"X-Origin, Referer, Origin,Accept-Encoding","date":"Thu, 17 Dec 2020 22:12:47 GMT","server":"ESF","cache-control":"private","x-xss-protection":"0","x-frame-options":"SAMEORIGIN","x-content-type-options":"nosniff","alt-svc":"h3-29=\":443\"; ma=2592000,h3-T051=\":443\"; ma=2592000,h3-Q050=\":443\"; ma=2592000,h3-Q046=\":443\"; ma=2592000,h3-Q043=\":443\"; ma=2592000,quic=\":443\"; ma=2592000; v=\"46,43\"","accept-ranges":"none","transfer-encoding":"chunked"}
[debug] [2020-12-17T22:12:50.461Z] >>> HTTP REQUEST GET https://cloudfunctions.googleapis.com/v1/operations/bGFrZS1vZi1jYWtlcy91cy1jZW50cmFsMS9jaGVja291dFJlcS9GUU1fU1UzVFJkMA  
 
[debug] [2020-12-17T22:12:50.887Z] <<< HTTP RESPONSE 200 {"content-type":"application/json; charset=UTF-8","vary":"X-Origin, Referer, Origin,Accept-Encoding","date":"Thu, 17 Dec 2020 22:12:50 GMT","server":"ESF","cache-control":"private","x-xss-protection":"0","x-frame-options":"SAMEORIGIN","x-content-type-options":"nosniff","alt-svc":"h3-29=\":443\"; ma=2592000,h3-T051=\":443\"; ma=2592000,h3-Q050=\":443\"; ma=2592000,h3-Q046=\":443\"; ma=2592000,h3-Q043=\":443\"; ma=2592000,quic=\":443\"; ma=2592000; v=\"46,43\"","accept-ranges":"none","transfer-encoding":"chunked"}
[debug] [2020-12-17T22:12:52.910Z] >>> HTTP REQUEST GET https://cloudfunctions.googleapis.com/v1/operations/bGFrZS1vZi1jYWtlcy91cy1jZW50cmFsMS9jaGVja291dFJlcS9GUU1fU1UzVFJkMA  
 
[debug] [2020-12-17T22:12:53.290Z] <<< HTTP RESPONSE 200 {"content-type":"application/json; charset=UTF-8","vary":"X-Origin, Referer, Origin,Accept-Encoding","date":"Thu, 17 Dec 2020 22:12:52 GMT","server":"ESF","cache-control":"private","x-xss-protection":"0","x-frame-options":"SAMEORIGIN","x-content-type-options":"nosniff","alt-svc":"h3-29=\":443\"; ma=2592000,h3-T051=\":443\"; ma=2592000,h3-Q050=\":443\"; ma=2592000,h3-Q046=\":443\"; ma=2592000,h3-Q043=\":443\"; ma=2592000,quic=\":443\"; ma=2592000; v=\"46,43\"","accept-ranges":"none","transfer-encoding":"chunked"}
[debug] [2020-12-17T22:12:55.305Z] >>> HTTP REQUEST GET https://cloudfunctions.googleapis.com/v1/operations/bGFrZS1vZi1jYWtlcy91cy1jZW50cmFsMS9jaGVja291dFJlcS9GUU1fU1UzVFJkMA  
 
[debug] [2020-12-17T22:12:55.682Z] <<< HTTP RESPONSE 200 {"content-type":"application/json; charset=UTF-8","vary":"X-Origin, Referer, Origin,Accept-Encoding","date":"Thu, 17 Dec 2020 22:12:55 GMT","server":"ESF","cache-control":"private","x-xss-protection":"0","x-frame-options":"SAMEORIGIN","x-content-type-options":"nosniff","alt-svc":"h3-29=\":443\"; ma=2592000,h3-T051=\":443\"; ma=2592000,h3-Q050=\":443\"; ma=2592000,h3-Q046=\":443\"; ma=2592000,h3-Q043=\":443\"; ma=2592000,quic=\":443\"; ma=2592000; v=\"46,43\"","accept-ranges":"none","transfer-encoding":"chunked"}
[debug] [2020-12-17T22:12:57.703Z] >>> HTTP REQUEST GET https://cloudfunctions.googleapis.com/v1/operations/bGFrZS1vZi1jYWtlcy91cy1jZW50cmFsMS9jaGVja291dFJlcS9GUU1fU1UzVFJkMA  
 
[debug] [2020-12-17T22:12:58.096Z] <<< HTTP RESPONSE 200 {"content-type":"application/json; charset=UTF-8","vary":"X-Origin, Referer, Origin,Accept-Encoding","date":"Thu, 17 Dec 2020 22:12:57 GMT","server":"ESF","cache-control":"private","x-xss-protection":"0","x-frame-options":"SAMEORIGIN","x-content-type-options":"nosniff","alt-svc":"h3-29=\":443\"; ma=2592000,h3-T051=\":443\"; ma=2592000,h3-Q050=\":443\"; ma=2592000,h3-Q046=\":443\"; ma=2592000,h3-Q043=\":443\"; ma=2592000,quic=\":443\"; ma=2592000; v=\"46,43\"","accept-ranges":"none","transfer-encoding":"chunked"}
[debug] [2020-12-17T22:13:00.105Z] >>> HTTP REQUEST GET https://cloudfunctions.googleapis.com/v1/operations/bGFrZS1vZi1jYWtlcy91cy1jZW50cmFsMS9jaGVja291dFJlcS9GUU1fU1UzVFJkMA  
 
[debug] [2020-12-17T22:13:00.571Z] <<< HTTP RESPONSE 200 {"content-type":"application/json; charset=UTF-8","vary":"X-Origin, Referer, Origin,Accept-Encoding","date":"Thu, 17 Dec 2020 22:12:59 GMT","server":"ESF","cache-control":"private","x-xss-protection":"0","x-frame-options":"SAMEORIGIN","x-content-type-options":"nosniff","alt-svc":"h3-29=\":443\"; ma=2592000,h3-T051=\":443\"; ma=2592000,h3-Q050=\":443\"; ma=2592000,h3-Q046=\":443\"; ma=2592000,h3-Q043=\":443\"; ma=2592000,quic=\":443\"; ma=2592000; v=\"46,43\"","accept-ranges":"none","transfer-encoding":"chunked"}
[debug] [2020-12-17T22:13:02.584Z] >>> HTTP REQUEST GET https://cloudfunctions.googleapis.com/v1/operations/bGFrZS1vZi1jYWtlcy91cy1jZW50cmFsMS9jaGVja291dFJlcS9GUU1fU1UzVFJkMA  
 
[debug] [2020-12-17T22:13:02.983Z] <<< HTTP RESPONSE 200 {"content-type":"application/json; charset=UTF-8","vary":"X-Origin, Referer, Origin,Accept-Encoding","date":"Thu, 17 Dec 2020 22:13:02 GMT","server":"ESF","cache-control":"private","x-xss-protection":"0","x-frame-options":"SAMEORIGIN","x-content-type-options":"nosniff","alt-svc":"h3-29=\":443\"; ma=2592000,h3-T051=\":443\"; ma=2592000,h3-Q050=\":443\"; ma=2592000,h3-Q046=\":443\"; ma=2592000,h3-Q043=\":443\"; ma=2592000,quic=\":443\"; ma=2592000; v=\"46,43\"","accept-ranges":"none","transfer-encoding":"chunked"}
