[debug] [2020-11-29T05:09:48.461Z] ----------------------------------------------------------------------
[debug] [2020-11-29T05:09:48.463Z] Command:       C:\Program Files\nodejs\node.exe C:\Users\Lenovo\AppData\Roaming\npm\node_modules\firebase-tools\lib\bin\firebase.js deploy --only functions:sendEmailAfterConfirmation
[debug] [2020-11-29T05:09:48.463Z] CLI Version:   8.16.2
[debug] [2020-11-29T05:09:48.463Z] Platform:      win32
[debug] [2020-11-29T05:09:48.463Z] Node Version:  v14.9.0
[debug] [2020-11-29T05:09:48.464Z] Time:          Sun Nov 29 2020 10:39:48 GMT+0530 (India Standard Time)
[debug] [2020-11-29T05:09:48.464Z] ----------------------------------------------------------------------
[debug] [2020-11-29T05:09:48.464Z] 
[debug] [2020-11-29T05:09:48.471Z] > command requires scopes: ["email","openid","https://www.googleapis.com/auth/cloudplatformprojects.readonly","https://www.googleapis.com/auth/firebase","https://www.googleapis.com/auth/cloud-platform"]
[debug] [2020-11-29T05:09:48.472Z] > authorizing via signed-in user
[debug] [2020-11-29T05:09:48.472Z] [iam] checking project lake-of-cakes for permissions ["cloudfunctions.functions.create","cloudfunctions.functions.delete","cloudfunctions.functions.get","cloudfunctions.functions.list","cloudfunctions.functions.update","cloudfunctions.operations.get","firebase.projects.get"]
[debug] [2020-11-29T05:09:48.475Z] >>> HTTP REQUEST POST https://cloudresourcemanager.googleapis.com/v1/projects/lake-of-cakes:testIamPermissions  
 {"permissions":["cloudfunctions.functions.create","cloudfunctions.functions.delete","cloudfunctions.functions.get","cloudfunctions.functions.list","cloudfunctions.functions.update","cloudfunctions.operations.get","firebase.projects.get"]}
[debug] [2020-11-29T05:09:50.350Z] <<< HTTP RESPONSE 200 {"content-type":"application/json; charset=UTF-8","vary":"X-Origin, Referer, Origin,Accept-Encoding","date":"Sun, 29 Nov 2020 05:09:49 GMT","server":"ESF","cache-control":"private","x-xss-protection":"0","x-frame-options":"SAMEORIGIN","x-content-type-options":"nosniff","server-timing":"gfet4t7; dur=1397","alt-svc":"h3-29=\":443\"; ma=2592000,h3-T051=\":443\"; ma=2592000,h3-Q050=\":443\"; ma=2592000,h3-Q046=\":443\"; ma=2592000,h3-Q043=\":443\"; ma=2592000,quic=\":443\"; ma=2592000; v=\"46,43\"","accept-ranges":"none","transfer-encoding":"chunked"}
[debug] [2020-11-29T05:09:50.354Z] >>> HTTP REQUEST POST https://iam.googleapis.com/v1/projects/lake-of-cakes/serviceAccounts/lake-of-cakes@appspot.gserviceaccount.com:testIamPermissions  
 {"permissions":["iam.serviceAccounts.actAs"]}
[debug] [2020-11-29T05:09:52.387Z] <<< HTTP RESPONSE 200 {"content-type":"application/json; charset=UTF-8","vary":"X-Origin, Referer, Origin,Accept-Encoding","date":"Sun, 29 Nov 2020 05:09:51 GMT","server":"ESF","cache-control":"private","x-xss-protection":"0","x-frame-options":"SAMEORIGIN","x-content-type-options":"nosniff","alt-svc":"h3-29=\":443\"; ma=2592000,h3-T051=\":443\"; ma=2592000,h3-Q050=\":443\"; ma=2592000,h3-Q046=\":443\"; ma=2592000,h3-Q043=\":443\"; ma=2592000,quic=\":443\"; ma=2592000; v=\"46,43\"","accept-ranges":"none","transfer-encoding":"chunked"}
[info] 
[info] === Deploying to 'lake-of-cakes'...
[info] 
[info] i  deploying functions 
[debug] [2020-11-29T05:09:55.745Z] > [functions] package.json contents: {
  "name": "functions",
  "description": "Cloud Functions for Firebase",
  "scripts": {
    "serve": "firebase emulators:start --only functions",
    "shell": "firebase functions:shell",
    "start": "npm run shell",
    "deploy": "firebase deploy --only functions",
    "logs": "firebase functions:log"
  },
  "engines": {
    "node": "12"
  },
  "main": "index.js",
  "dependencies": {
    "bootstrap": "^4.5.3",
    "create-hmac": "^1.1.7",
    "firebase": "^8.1.1",
    "firebase-admin": "^9.2.0",
    "firebase-functions": "^3.11.0",
    "nodemailer": "^6.4.16",
    "nodemailer-smtp-transport": "^2.7.4",
    "razorpay": "^2.0.6"
  },
  "devDependencies": {
    "firebase-functions-test": "^0.2.0"
  },
  "private": true
}
[info] i  functions: ensuring required API cloudfunctions.googleapis.com is enabled... 
[info] i  functions: ensuring required API cloudbuild.googleapis.com is enabled... 
[debug] [2020-11-29T05:09:57.397Z] >>> HTTP REQUEST GET https://serviceusage.googleapis.com/v1/projects/lake-of-cakes/services/cloudfunctions.googleapis.com  
 
[debug] [2020-11-29T05:09:57.398Z] >>> HTTP REQUEST GET https://serviceusage.googleapis.com/v1/projects/lake-of-cakes/services/runtimeconfig.googleapis.com  
 
[debug] [2020-11-29T05:09:57.398Z] >>> HTTP REQUEST GET https://serviceusage.googleapis.com/v1/projects/lake-of-cakes/services/cloudbuild.googleapis.com  
 
[debug] [2020-11-29T05:10:19.031Z] Error: connect ETIMEDOUT 216.58.200.138:443
    at TCPConnectWrap.afterConnect [as oncomplete] (net.js:1146:16)
[error] 
[error] Error: Server Error. connect ETIMEDOUT 216.58.200.138:443
[debug] [2020-11-29T05:10:46.698Z] ----------------------------------------------------------------------
[debug] [2020-11-29T05:10:46.700Z] Command:       C:\Program Files\nodejs\node.exe C:\Users\Lenovo\AppData\Roaming\npm\node_modules\firebase-tools\lib\bin\firebase.js deploy --only functions:sendEmailAfterConfirmation
[debug] [2020-11-29T05:10:46.700Z] CLI Version:   8.16.2
[debug] [2020-11-29T05:10:46.701Z] Platform:      win32
[debug] [2020-11-29T05:10:46.701Z] Node Version:  v14.9.0
[debug] [2020-11-29T05:10:46.701Z] Time:          Sun Nov 29 2020 10:40:46 GMT+0530 (India Standard Time)
[debug] [2020-11-29T05:10:46.702Z] ----------------------------------------------------------------------
[debug] [2020-11-29T05:10:46.702Z] 
[debug] [2020-11-29T05:10:46.709Z] > command requires scopes: ["email","openid","https://www.googleapis.com/auth/cloudplatformprojects.readonly","https://www.googleapis.com/auth/firebase","https://www.googleapis.com/auth/cloud-platform"]
[debug] [2020-11-29T05:10:46.710Z] > authorizing via signed-in user
[debug] [2020-11-29T05:10:46.710Z] [iam] checking project lake-of-cakes for permissions ["cloudfunctions.functions.create","cloudfunctions.functions.delete","cloudfunctions.functions.get","cloudfunctions.functions.list","cloudfunctions.functions.update","cloudfunctions.operations.get","firebase.projects.get"]
[debug] [2020-11-29T05:10:46.713Z] >>> HTTP REQUEST POST https://cloudresourcemanager.googleapis.com/v1/projects/lake-of-cakes:testIamPermissions  
 {"permissions":["cloudfunctions.functions.create","cloudfunctions.functions.delete","cloudfunctions.functions.get","cloudfunctions.functions.list","cloudfunctions.functions.update","cloudfunctions.operations.get","firebase.projects.get"]}
[debug] [2020-11-29T05:10:48.376Z] <<< HTTP RESPONSE 200 {"content-type":"application/json; charset=UTF-8","vary":"X-Origin, Referer, Origin,Accept-Encoding","date":"Sun, 29 Nov 2020 05:10:47 GMT","server":"ESF","cache-control":"private","x-xss-protection":"0","x-frame-options":"SAMEORIGIN","x-content-type-options":"nosniff","server-timing":"gfet4t7; dur=1412","alt-svc":"h3-29=\":443\"; ma=2592000,h3-T051=\":443\"; ma=2592000,h3-Q050=\":443\"; ma=2592000,h3-Q046=\":443\"; ma=2592000,h3-Q043=\":443\"; ma=2592000,quic=\":443\"; ma=2592000; v=\"46,43\"","accept-ranges":"none","transfer-encoding":"chunked"}
[debug] [2020-11-29T05:10:48.380Z] >>> HTTP REQUEST POST https://iam.googleapis.com/v1/projects/lake-of-cakes/serviceAccounts/lake-of-cakes@appspot.gserviceaccount.com:testIamPermissions  
 {"permissions":["iam.serviceAccounts.actAs"]}
[debug] [2020-11-29T05:10:50.236Z] <<< HTTP RESPONSE 200 {"content-type":"application/json; charset=UTF-8","vary":"X-Origin, Referer, Origin,Accept-Encoding","date":"Sun, 29 Nov 2020 05:10:49 GMT","server":"ESF","cache-control":"private","x-xss-protection":"0","x-frame-options":"SAMEORIGIN","x-content-type-options":"nosniff","alt-svc":"h3-29=\":443\"; ma=2592000,h3-T051=\":443\"; ma=2592000,h3-Q050=\":443\"; ma=2592000,h3-Q046=\":443\"; ma=2592000,h3-Q043=\":443\"; ma=2592000,quic=\":443\"; ma=2592000; v=\"46,43\"","accept-ranges":"none","transfer-encoding":"chunked"}
[info] 
[info] === Deploying to 'lake-of-cakes'...
[info] 
[info] i  deploying functions 
[debug] [2020-11-29T05:10:54.648Z] > [functions] package.json contents: {
  "name": "functions",
  "description": "Cloud Functions for Firebase",
  "scripts": {
    "serve": "firebase emulators:start --only functions",
    "shell": "firebase functions:shell",
    "start": "npm run shell",
    "deploy": "firebase deploy --only functions",
    "logs": "firebase functions:log"
  },
  "engines": {
    "node": "12"
  },
  "main": "index.js",
  "dependencies": {
    "bootstrap": "^4.5.3",
    "create-hmac": "^1.1.7",
    "firebase": "^8.1.1",
    "firebase-admin": "^9.2.0",
    "firebase-functions": "^3.11.0",
    "nodemailer": "^6.4.16",
    "nodemailer-smtp-transport": "^2.7.4",
    "razorpay": "^2.0.6"
  },
  "devDependencies": {
    "firebase-functions-test": "^0.2.0"
  },
  "private": true
}
[info] i  functions: ensuring required API cloudfunctions.googleapis.com is enabled... 
[info] i  functions: ensuring required API cloudbuild.googleapis.com is enabled... 
[debug] [2020-11-29T05:10:56.352Z] >>> HTTP REQUEST GET https://serviceusage.googleapis.com/v1/projects/lake-of-cakes/services/cloudfunctions.googleapis.com  
 
[debug] [2020-11-29T05:10:56.352Z] >>> HTTP REQUEST GET https://serviceusage.googleapis.com/v1/projects/lake-of-cakes/services/runtimeconfig.googleapis.com  
 
[debug] [2020-11-29T05:10:56.353Z] >>> HTTP REQUEST GET https://serviceusage.googleapis.com/v1/projects/lake-of-cakes/services/cloudbuild.googleapis.com  
 
[debug] [2020-11-29T05:11:17.720Z] Error: connect ETIMEDOUT 216.58.200.138:443
    at TCPConnectWrap.afterConnect [as oncomplete] (net.js:1146:16)
[error] 
[error] Error: Server Error. connect ETIMEDOUT 216.58.200.138:443
[debug] [2020-11-29T05:12:36.268Z] ----------------------------------------------------------------------
[debug] [2020-11-29T05:12:36.270Z] Command:       C:\Program Files\nodejs\node.exe C:\Users\Lenovo\AppData\Roaming\npm\node_modules\firebase-tools\lib\bin\firebase.js deploy --only functions:sendEmailAfterConfirmation
[debug] [2020-11-29T05:12:36.270Z] CLI Version:   8.16.2
[debug] [2020-11-29T05:12:36.270Z] Platform:      win32
[debug] [2020-11-29T05:12:36.270Z] Node Version:  v14.9.0
[debug] [2020-11-29T05:12:36.271Z] Time:          Sun Nov 29 2020 10:42:36 GMT+0530 (India Standard Time)
[debug] [2020-11-29T05:12:36.271Z] ----------------------------------------------------------------------
[debug] [2020-11-29T05:12:36.271Z] 
[debug] [2020-11-29T05:12:36.279Z] > command requires scopes: ["email","openid","https://www.googleapis.com/auth/cloudplatformprojects.readonly","https://www.googleapis.com/auth/firebase","https://www.googleapis.com/auth/cloud-platform"]
[debug] [2020-11-29T05:12:36.279Z] > authorizing via signed-in user
[debug] [2020-11-29T05:12:36.279Z] [iam] checking project lake-of-cakes for permissions ["cloudfunctions.functions.create","cloudfunctions.functions.delete","cloudfunctions.functions.get","cloudfunctions.functions.list","cloudfunctions.functions.update","cloudfunctions.operations.get","firebase.projects.get"]
[debug] [2020-11-29T05:12:36.282Z] >>> HTTP REQUEST POST https://cloudresourcemanager.googleapis.com/v1/projects/lake-of-cakes:testIamPermissions  
 {"permissions":["cloudfunctions.functions.create","cloudfunctions.functions.delete","cloudfunctions.functions.get","cloudfunctions.functions.list","cloudfunctions.functions.update","cloudfunctions.operations.get","firebase.projects.get"]}
[debug] [2020-11-29T05:12:38.024Z] <<< HTTP RESPONSE 200 {"content-type":"application/json; charset=UTF-8","vary":"X-Origin, Referer, Origin,Accept-Encoding","date":"Sun, 29 Nov 2020 05:12:37 GMT","server":"ESF","cache-control":"private","x-xss-protection":"0","x-frame-options":"SAMEORIGIN","x-content-type-options":"nosniff","server-timing":"gfet4t7; dur=1482","alt-svc":"h3-29=\":443\"; ma=2592000,h3-T051=\":443\"; ma=2592000,h3-Q050=\":443\"; ma=2592000,h3-Q046=\":443\"; ma=2592000,h3-Q043=\":443\"; ma=2592000,quic=\":443\"; ma=2592000; v=\"46,43\"","accept-ranges":"none","transfer-encoding":"chunked"}
[debug] [2020-11-29T05:12:38.027Z] >>> HTTP REQUEST POST https://iam.googleapis.com/v1/projects/lake-of-cakes/serviceAccounts/lake-of-cakes@appspot.gserviceaccount.com:testIamPermissions  
 {"permissions":["iam.serviceAccounts.actAs"]}
[debug] [2020-11-29T05:12:39.888Z] <<< HTTP RESPONSE 200 {"content-type":"application/json; charset=UTF-8","vary":"X-Origin, Referer, Origin,Accept-Encoding","date":"Sun, 29 Nov 2020 05:12:38 GMT","server":"ESF","cache-control":"private","x-xss-protection":"0","x-frame-options":"SAMEORIGIN","x-content-type-options":"nosniff","alt-svc":"h3-29=\":443\"; ma=2592000,h3-T051=\":443\"; ma=2592000,h3-Q050=\":443\"; ma=2592000,h3-Q046=\":443\"; ma=2592000,h3-Q043=\":443\"; ma=2592000,quic=\":443\"; ma=2592000; v=\"46,43\"","accept-ranges":"none","transfer-encoding":"chunked"}
[info] 
[info] === Deploying to 'lake-of-cakes'...
[info] 
[info] i  deploying functions 
[debug] [2020-11-29T05:12:43.155Z] > [functions] package.json contents: {
  "name": "functions",
  "description": "Cloud Functions for Firebase",
  "scripts": {
    "serve": "firebase emulators:start --only functions",
    "shell": "firebase functions:shell",
    "start": "npm run shell",
    "deploy": "firebase deploy --only functions",
    "logs": "firebase functions:log"
  },
  "engines": {
    "node": "12"
  },
  "main": "index.js",
  "dependencies": {
    "bootstrap": "^4.5.3",
    "create-hmac": "^1.1.7",
    "firebase": "^8.1.1",
    "firebase-admin": "^9.2.0",
    "firebase-functions": "^3.11.0",
    "nodemailer": "^6.4.16",
    "nodemailer-smtp-transport": "^2.7.4",
    "razorpay": "^2.0.6"
  },
  "devDependencies": {
    "firebase-functions-test": "^0.2.0"
  },
  "private": true
}
[info] i  functions: ensuring required API cloudfunctions.googleapis.com is enabled... 
[info] i  functions: ensuring required API cloudbuild.googleapis.com is enabled... 
[debug] [2020-11-29T05:12:44.803Z] >>> HTTP REQUEST GET https://serviceusage.googleapis.com/v1/projects/lake-of-cakes/services/cloudfunctions.googleapis.com  
 
[debug] [2020-11-29T05:12:44.803Z] >>> HTTP REQUEST GET https://serviceusage.googleapis.com/v1/projects/lake-of-cakes/services/runtimeconfig.googleapis.com  
 
[debug] [2020-11-29T05:12:44.804Z] >>> HTTP REQUEST GET https://serviceusage.googleapis.com/v1/projects/lake-of-cakes/services/cloudbuild.googleapis.com  
 
[debug] [2020-11-29T05:13:06.195Z] Error: connect ETIMEDOUT 216.58.200.138:443
    at TCPConnectWrap.afterConnect [as oncomplete] (net.js:1146:16)
[error] 
[error] Error: Server Error. connect ETIMEDOUT 216.58.200.138:443
[debug] [2020-11-29T05:13:15.040Z] ----------------------------------------------------------------------
[debug] [2020-11-29T05:13:15.042Z] Command:       C:\Program Files\nodejs\node.exe C:\Users\Lenovo\AppData\Roaming\npm\node_modules\firebase-tools\lib\bin\firebase.js deploy --only functions
[debug] [2020-11-29T05:13:15.043Z] CLI Version:   8.16.2
[debug] [2020-11-29T05:13:15.043Z] Platform:      win32
[debug] [2020-11-29T05:13:15.043Z] Node Version:  v14.9.0
[debug] [2020-11-29T05:13:15.044Z] Time:          Sun Nov 29 2020 10:43:15 GMT+0530 (India Standard Time)
[debug] [2020-11-29T05:13:15.044Z] ----------------------------------------------------------------------
[debug] [2020-11-29T05:13:15.044Z] 
[debug] [2020-11-29T05:13:15.051Z] > command requires scopes: ["email","openid","https://www.googleapis.com/auth/cloudplatformprojects.readonly","https://www.googleapis.com/auth/firebase","https://www.googleapis.com/auth/cloud-platform"]
[debug] [2020-11-29T05:13:15.051Z] > authorizing via signed-in user
[debug] [2020-11-29T05:13:15.052Z] [iam] checking project lake-of-cakes for permissions ["cloudfunctions.functions.create","cloudfunctions.functions.delete","cloudfunctions.functions.get","cloudfunctions.functions.list","cloudfunctions.functions.update","cloudfunctions.operations.get","firebase.projects.get"]
[debug] [2020-11-29T05:13:15.055Z] >>> HTTP REQUEST POST https://cloudresourcemanager.googleapis.com/v1/projects/lake-of-cakes:testIamPermissions  
 {"permissions":["cloudfunctions.functions.create","cloudfunctions.functions.delete","cloudfunctions.functions.get","cloudfunctions.functions.list","cloudfunctions.functions.update","cloudfunctions.operations.get","firebase.projects.get"]}
[debug] [2020-11-29T05:13:16.736Z] <<< HTTP RESPONSE 200 {"content-type":"application/json; charset=UTF-8","vary":"X-Origin, Referer, Origin,Accept-Encoding","date":"Sun, 29 Nov 2020 05:13:15 GMT","server":"ESF","cache-control":"private","x-xss-protection":"0","x-frame-options":"SAMEORIGIN","x-content-type-options":"nosniff","server-timing":"gfet4t7; dur=1423","alt-svc":"h3-29=\":443\"; ma=2592000,h3-T051=\":443\"; ma=2592000,h3-Q050=\":443\"; ma=2592000,h3-Q046=\":443\"; ma=2592000,h3-Q043=\":443\"; ma=2592000,quic=\":443\"; ma=2592000; v=\"46,43\"","accept-ranges":"none","transfer-encoding":"chunked"}
[debug] [2020-11-29T05:13:16.738Z] >>> HTTP REQUEST POST https://iam.googleapis.com/v1/projects/lake-of-cakes/serviceAccounts/lake-of-cakes@appspot.gserviceaccount.com:testIamPermissions  
 {"permissions":["iam.serviceAccounts.actAs"]}
[debug] [2020-11-29T05:13:18.606Z] <<< HTTP RESPONSE 200 {"content-type":"application/json; charset=UTF-8","vary":"X-Origin, Referer, Origin,Accept-Encoding","date":"Sun, 29 Nov 2020 05:13:17 GMT","server":"ESF","cache-control":"private","x-xss-protection":"0","x-frame-options":"SAMEORIGIN","x-content-type-options":"nosniff","alt-svc":"h3-29=\":443\"; ma=2592000,h3-T051=\":443\"; ma=2592000,h3-Q050=\":443\"; ma=2592000,h3-Q046=\":443\"; ma=2592000,h3-Q043=\":443\"; ma=2592000,quic=\":443\"; ma=2592000; v=\"46,43\"","accept-ranges":"none","transfer-encoding":"chunked"}
[info] 
[info] === Deploying to 'lake-of-cakes'...
[info] 
[info] i  deploying functions 
[debug] [2020-11-29T05:13:21.698Z] > [functions] package.json contents: {
  "name": "functions",
  "description": "Cloud Functions for Firebase",
  "scripts": {
    "serve": "firebase emulators:start --only functions",
    "shell": "firebase functions:shell",
    "start": "npm run shell",
    "deploy": "firebase deploy --only functions",
    "logs": "firebase functions:log"
  },
  "engines": {
    "node": "12"
  },
  "main": "index.js",
  "dependencies": {
    "bootstrap": "^4.5.3",
    "create-hmac": "^1.1.7",
    "firebase": "^8.1.1",
    "firebase-admin": "^9.2.0",
    "firebase-functions": "^3.11.0",
    "nodemailer": "^6.4.16",
    "nodemailer-smtp-transport": "^2.7.4",
    "razorpay": "^2.0.6"
  },
  "devDependencies": {
    "firebase-functions-test": "^0.2.0"
  },
  "private": true
}
[info] i  functions: ensuring required API cloudfunctions.googleapis.com is enabled... 
[info] i  functions: ensuring required API cloudbuild.googleapis.com is enabled... 
[debug] [2020-11-29T05:13:23.344Z] >>> HTTP REQUEST GET https://serviceusage.googleapis.com/v1/projects/lake-of-cakes/services/cloudfunctions.googleapis.com  
 
[debug] [2020-11-29T05:13:23.344Z] >>> HTTP REQUEST GET https://serviceusage.googleapis.com/v1/projects/lake-of-cakes/services/runtimeconfig.googleapis.com  
 
[debug] [2020-11-29T05:13:23.344Z] >>> HTTP REQUEST GET https://serviceusage.googleapis.com/v1/projects/lake-of-cakes/services/cloudbuild.googleapis.com  
 
[debug] [2020-11-29T05:13:44.702Z] Error: connect ETIMEDOUT 216.58.200.138:443
    at TCPConnectWrap.afterConnect [as oncomplete] (net.js:1146:16)
[error] 
[error] Error: Server Error. connect ETIMEDOUT 216.58.200.138:443
[debug] [2020-11-29T07:21:59.706Z] ----------------------------------------------------------------------
[debug] [2020-11-29T07:21:59.708Z] Command:       C:\Program Files\nodejs\node.exe C:\Users\Lenovo\AppData\Roaming\npm\node_modules\firebase-tools\lib\bin\firebase.js deploy --only hosting
[debug] [2020-11-29T07:21:59.709Z] CLI Version:   8.16.2
[debug] [2020-11-29T07:21:59.709Z] Platform:      win32
[debug] [2020-11-29T07:21:59.709Z] Node Version:  v14.9.0
[debug] [2020-11-29T07:21:59.719Z] Time:          Sun Nov 29 2020 12:51:59 GMT+0530 (India Standard Time)
[debug] [2020-11-29T07:21:59.720Z] ----------------------------------------------------------------------
[debug] [2020-11-29T07:21:59.720Z] 
[debug] [2020-11-29T07:21:59.733Z] > command requires scopes: ["email","openid","https://www.googleapis.com/auth/cloudplatformprojects.readonly","https://www.googleapis.com/auth/firebase","https://www.googleapis.com/auth/cloud-platform"]
[debug] [2020-11-29T07:21:59.733Z] > authorizing via signed-in user
[debug] [2020-11-29T07:21:59.734Z] [iam] checking project lake-of-cakes for permissions ["firebase.projects.get","firebasehosting.sites.update"]
[debug] [2020-11-29T07:21:59.736Z] > refreshing access token with scopes: ["email","https://www.googleapis.com/auth/cloud-platform","https://www.googleapis.com/auth/cloudplatformprojects.readonly","https://www.googleapis.com/auth/firebase","openid"]
[debug] [2020-11-29T07:21:59.737Z] >>> HTTP REQUEST POST https://www.googleapis.com/oauth2/v3/token  
 <request body omitted>
[debug] [2020-11-29T07:22:00.214Z] <<< HTTP RESPONSE 200 {"date":"Sun, 29 Nov 2020 07:21:59 GMT","expires":"Mon, 01 Jan 1990 00:00:00 GMT","pragma":"no-cache","cache-control":"no-cache, no-store, max-age=0, must-revalidate","content-type":"application/json; charset=utf-8","vary":"X-Origin, Referer, Origin,Accept-Encoding","server":"scaffolding on HTTPServer2","x-xss-protection":"0","x-frame-options":"SAMEORIGIN","x-content-type-options":"nosniff","alt-svc":"h3-29=\":443\"; ma=2592000,h3-T051=\":443\"; ma=2592000,h3-Q050=\":443\"; ma=2592000,h3-Q046=\":443\"; ma=2592000,h3-Q043=\":443\"; ma=2592000,quic=\":443\"; ma=2592000; v=\"46,43\"","accept-ranges":"none","transfer-encoding":"chunked"}
[debug] [2020-11-29T07:22:00.219Z] >>> HTTP REQUEST POST https://cloudresourcemanager.googleapis.com/v1/projects/lake-of-cakes:testIamPermissions  
 {"permissions":["firebase.projects.get","firebasehosting.sites.update"]}
[debug] [2020-11-29T07:22:01.916Z] <<< HTTP RESPONSE 200 {"content-type":"application/json; charset=UTF-8","vary":"X-Origin, Referer, Origin,Accept-Encoding","date":"Sun, 29 Nov 2020 07:22:00 GMT","server":"ESF","cache-control":"private","x-xss-protection":"0","x-frame-options":"SAMEORIGIN","x-content-type-options":"nosniff","server-timing":"gfet4t7; dur=1197","alt-svc":"h3-29=\":443\"; ma=2592000,h3-T051=\":443\"; ma=2592000,h3-Q050=\":443\"; ma=2592000,h3-Q046=\":443\"; ma=2592000,h3-Q043=\":443\"; ma=2592000,quic=\":443\"; ma=2592000; v=\"46,43\"","accept-ranges":"none","transfer-encoding":"chunked"}
[debug] [2020-11-29T07:22:01.920Z] >>> HTTP REQUEST GET https://firebase.googleapis.com/v1beta1/projects/lake-of-cakes  
 
[debug] [2020-11-29T07:22:02.527Z] <<< HTTP RESPONSE 200 {"content-type":"application/json; charset=UTF-8","vary":"X-Origin, Referer, Origin,Accept-Encoding","date":"Sun, 29 Nov 2020 07:22:01 GMT","server":"ESF","cache-control":"private","x-xss-protection":"0","x-frame-options":"SAMEORIGIN","x-content-type-options":"nosniff","alt-svc":"h3-29=\":443\"; ma=2592000,h3-T051=\":443\"; ma=2592000,h3-Q050=\":443\"; ma=2592000,h3-Q046=\":443\"; ma=2592000,h3-Q043=\":443\"; ma=2592000,quic=\":443\"; ma=2592000; v=\"46,43\"","accept-ranges":"none","transfer-encoding":"chunked"}
[info] 
[info] === Deploying to 'lake-of-cakes'...
[info] 
[info] i  deploying hosting 
[debug] [2020-11-29T07:22:08.860Z] >>> HTTP REQUEST POST https://firebasehosting.googleapis.com/v1beta1/sites/lake-of-cakes/versions  
 {"config":{},"labels":{"deployment-tool":"cli-firebase"}}
[debug] [2020-11-29T07:22:30.451Z] Error: connect ETIMEDOUT 216.58.200.138:443
    at TCPConnectWrap.afterConnect [as oncomplete] (net.js:1146:16)
[error] 
[error] Error: Server Error. connect ETIMEDOUT 216.58.200.138:443
[debug] [2020-11-29T07:23:09.030Z] ----------------------------------------------------------------------
[debug] [2020-11-29T07:23:09.032Z] Command:       C:\Program Files\nodejs\node.exe C:\Users\Lenovo\AppData\Roaming\npm\node_modules\firebase-tools\lib\bin\firebase.js deploy --only hosting
[debug] [2020-11-29T07:23:09.032Z] CLI Version:   8.16.2
[debug] [2020-11-29T07:23:09.032Z] Platform:      win32
[debug] [2020-11-29T07:23:09.032Z] Node Version:  v14.9.0
[debug] [2020-11-29T07:23:09.033Z] Time:          Sun Nov 29 2020 12:53:09 GMT+0530 (India Standard Time)
[debug] [2020-11-29T07:23:09.033Z] ----------------------------------------------------------------------
[debug] [2020-11-29T07:23:09.033Z] 
[debug] [2020-11-29T07:23:09.040Z] > command requires scopes: ["email","openid","https://www.googleapis.com/auth/cloudplatformprojects.readonly","https://www.googleapis.com/auth/firebase","https://www.googleapis.com/auth/cloud-platform"]
[debug] [2020-11-29T07:23:09.041Z] > authorizing via signed-in user
[debug] [2020-11-29T07:23:09.041Z] [iam] checking project lake-of-cakes for permissions ["firebase.projects.get","firebasehosting.sites.update"]
[debug] [2020-11-29T07:23:09.044Z] >>> HTTP REQUEST POST https://cloudresourcemanager.googleapis.com/v1/projects/lake-of-cakes:testIamPermissions  
 {"permissions":["firebase.projects.get","firebasehosting.sites.update"]}
[debug] [2020-11-29T07:23:10.554Z] <<< HTTP RESPONSE 200 {"content-type":"application/json; charset=UTF-8","vary":"X-Origin, Referer, Origin,Accept-Encoding","date":"Sun, 29 Nov 2020 07:23:09 GMT","server":"ESF","cache-control":"private","x-xss-protection":"0","x-frame-options":"SAMEORIGIN","x-content-type-options":"nosniff","server-timing":"gfet4t7; dur=1184","alt-svc":"h3-29=\":443\"; ma=2592000,h3-T051=\":443\"; ma=2592000,h3-Q050=\":443\"; ma=2592000,h3-Q046=\":443\"; ma=2592000,h3-Q043=\":443\"; ma=2592000,quic=\":443\"; ma=2592000; v=\"46,43\"","accept-ranges":"none","transfer-encoding":"chunked"}
[debug] [2020-11-29T07:23:10.559Z] >>> HTTP REQUEST GET https://firebase.googleapis.com/v1beta1/projects/lake-of-cakes  
 
[debug] [2020-11-29T07:23:11.103Z] <<< HTTP RESPONSE 200 {"content-type":"application/json; charset=UTF-8","vary":"X-Origin, Referer, Origin,Accept-Encoding","date":"Sun, 29 Nov 2020 07:23:10 GMT","server":"ESF","cache-control":"private","x-xss-protection":"0","x-frame-options":"SAMEORIGIN","x-content-type-options":"nosniff","alt-svc":"h3-29=\":443\"; ma=2592000,h3-T051=\":443\"; ma=2592000,h3-Q050=\":443\"; ma=2592000,h3-Q046=\":443\"; ma=2592000,h3-Q043=\":443\"; ma=2592000,quic=\":443\"; ma=2592000; v=\"46,43\"","accept-ranges":"none","transfer-encoding":"chunked"}
[info] 
[info] === Deploying to 'lake-of-cakes'...
[info] 
[info] i  deploying hosting 
[debug] [2020-11-29T07:23:18.419Z] >>> HTTP REQUEST POST https://firebasehosting.googleapis.com/v1beta1/sites/lake-of-cakes/versions  
 {"config":{},"labels":{"deployment-tool":"cli-firebase"}}
[debug] [2020-11-29T07:23:34.851Z] ----------------------------------------------------------------------
[debug] [2020-11-29T07:23:34.853Z] Command:       C:\Program Files\nodejs\node.exe C:\Users\Lenovo\AppData\Roaming\npm\node_modules\firebase-tools\lib\bin\firebase.js deploy --only hosting
[debug] [2020-11-29T07:23:34.853Z] CLI Version:   8.16.2
[debug] [2020-11-29T07:23:34.853Z] Platform:      win32
[debug] [2020-11-29T07:23:34.853Z] Node Version:  v14.9.0
[debug] [2020-11-29T07:23:34.854Z] Time:          Sun Nov 29 2020 12:53:34 GMT+0530 (India Standard Time)
[debug] [2020-11-29T07:23:34.855Z] ----------------------------------------------------------------------
[debug] [2020-11-29T07:23:34.855Z] 
[debug] [2020-11-29T07:23:34.863Z] > command requires scopes: ["email","openid","https://www.googleapis.com/auth/cloudplatformprojects.readonly","https://www.googleapis.com/auth/firebase","https://www.googleapis.com/auth/cloud-platform"]
[debug] [2020-11-29T07:23:34.863Z] > authorizing via signed-in user
[debug] [2020-11-29T07:23:34.863Z] [iam] checking project lake-of-cakes for permissions ["firebase.projects.get","firebasehosting.sites.update"]
[debug] [2020-11-29T07:23:34.867Z] >>> HTTP REQUEST POST https://cloudresourcemanager.googleapis.com/v1/projects/lake-of-cakes:testIamPermissions  
 {"permissions":["firebase.projects.get","firebasehosting.sites.update"]}
[debug] [2020-11-29T07:23:36.458Z] <<< HTTP RESPONSE 200 {"content-type":"application/json; charset=UTF-8","vary":"X-Origin, Referer, Origin,Accept-Encoding","date":"Sun, 29 Nov 2020 07:23:35 GMT","server":"ESF","cache-control":"private","x-xss-protection":"0","x-frame-options":"SAMEORIGIN","x-content-type-options":"nosniff","server-timing":"gfet4t7; dur=1161","alt-svc":"h3-29=\":443\"; ma=2592000,h3-T051=\":443\"; ma=2592000,h3-Q050=\":443\"; ma=2592000,h3-Q046=\":443\"; ma=2592000,h3-Q043=\":443\"; ma=2592000,quic=\":443\"; ma=2592000; v=\"46,43\"","accept-ranges":"none","transfer-encoding":"chunked"}
[debug] [2020-11-29T07:23:36.461Z] >>> HTTP REQUEST GET https://firebase.googleapis.com/v1beta1/projects/lake-of-cakes  
 
[debug] [2020-11-29T07:23:36.961Z] <<< HTTP RESPONSE 200 {"content-type":"application/json; charset=UTF-8","vary":"X-Origin, Referer, Origin,Accept-Encoding","date":"Sun, 29 Nov 2020 07:23:36 GMT","server":"ESF","cache-control":"private","x-xss-protection":"0","x-frame-options":"SAMEORIGIN","x-content-type-options":"nosniff","alt-svc":"h3-29=\":443\"; ma=2592000,h3-T051=\":443\"; ma=2592000,h3-Q050=\":443\"; ma=2592000,h3-Q046=\":443\"; ma=2592000,h3-Q043=\":443\"; ma=2592000,quic=\":443\"; ma=2592000; v=\"46,43\"","accept-ranges":"none","transfer-encoding":"chunked"}
[info] 
[info] === Deploying to 'lake-of-cakes'...
[info] 
[info] i  deploying hosting 
[debug] [2020-11-29T07:23:39.901Z] >>> HTTP REQUEST POST https://firebasehosting.googleapis.com/v1beta1/sites/lake-of-cakes/versions  
 {"config":{},"labels":{"deployment-tool":"cli-firebase"}}
[debug] [2020-11-29T07:24:01.292Z] Error: connect ETIMEDOUT 216.58.200.138:443
    at TCPConnectWrap.afterConnect [as oncomplete] (net.js:1146:16)
[error] 
[error] Error: Server Error. connect ETIMEDOUT 216.58.200.138:443
